<?xml version="1.0" encoding="UTF-8"?>
<!-- Generated by org.testng.reporters.JUnitReportReporter -->
<testsuite skipped="0" hostname="Selamis-MacBook-Pro.local" name="com.conceptsis.Runners.CukesRunner" tests="1" failures="1" timestamp="10 Oct 2018 05:31:16 GMT" time="15.439" errors="0">
  <testcase name="runScenario" time="15.439" classname="com.conceptsis.Runners.CukesRunner">
    <failure type="java.lang.AssertionError" message="expected [https://grades.es.gsastl.org/Dashboard] but found [https://grades.es.gsastl.org/Dashboard.aspx]">
      <![CDATA[java.lang.AssertionError: expected [https://grades.es.gsastl.org/Dashboard] but found [https://grades.es.gsastl.org/Dashboard.aspx]
at org.testng.Assert.fail(Assert.java:96)
at org.testng.Assert.failNotEquals(Assert.java:776)
at org.testng.Assert.assertEqualsImpl(Assert.java:137)
at org.testng.Assert.assertEquals(Assert.java:118)
at org.testng.Assert.assertEquals(Assert.java:453)
at org.testng.Assert.assertEquals(Assert.java:463)
at com.conceptsis.Stepdefinitions.LoginPage_StepDefinitions.i_should_be_able_to_login_to_the_page(LoginPage_StepDefinitions.java:47)
at âœ½.I should be able to login to the page(src/test/java/Future/SmokeTestFutureFiles.feature:7)
]]>
    </failure>
  </testcase> <!-- runScenario -->
</testsuite> <!-- com.conceptsis.Runners.CukesRunner -->
